<?xml version="1.0" encoding="UTF-8"?>
<!-- Generated by org.testng.reporters.JUnitXMLReporter -->
<testsuite ignored="0" hostname="DESKTOP-3CNBKPE" failures="0" tests="5" name="Default test" time="0.091" errors="0" timestamp="2023-07-14T11:28:36 IST">
  <testcase classname="testNGFeatures.concept.SampleTest2" name="launchBrowser" time="0.007"/>
  <testcase classname="testNGFeatures.concept.SampleTest2" name="launchBrowser" time="0.002"/>
  <testcase classname="testNGFeatures.concept.SampleTest2" name="launchBrowser" time="0.002"/>
  <testcase classname="testNGFeatures.concept.SampleTest2" name="SearchItem" time="0.003"/>
  <testcase classname="testNGFeatures.concept.SampleTest2" name="SearchItem" time="0.002"/>
</testsuite> <!-- Default test -->
