<?xml version="1.0" encoding="UTF-8"?>
<!-- Generated by org.testng.reporters.JUnitXMLReporter -->
<testsuite ignored="0" hostname="LP2-AP-51992450" failures="0" tests="5" name="Default test" time="0.044" errors="0" timestamp="12 Jul 2023 08:00:24 GMT">
  <testcase classname="testNGFeatures.concept.InvocationCountExample" name="testMethod3" time="0.007"/>
  <testcase classname="testNGFeatures.concept.InvocationCountExample" name="testMethod3" time="0.001"/>
  <testcase classname="testNGFeatures.concept.InvocationCountExample" name="testMethod3" time="0.001"/>
  <testcase classname="testNGFeatures.concept.InvocationCountExample" name="testMethod3" time="0.001"/>
  <testcase classname="testNGFeatures.concept.InvocationCountExample" name="testMethod3" time="0.0"/>
</testsuite> <!-- Default test -->
