<?xml version="1.0" encoding="UTF-8"?>
<!-- Generated by org.testng.reporters.JUnitXMLReporter -->
<testsuite ignored="1" hostname="LP2-AP-51992450" failures="0" tests="1" name="Test" time="0.025" errors="0" timestamp="12 Jul 2023 08:10:51 GMT">
  <testcase classname="testNGFeatures.concept.PartialgroupExample" name="test1" time="0.007"/>
  <testcase classname="testNGFeatures.concept.PartialgroupExample" name="test2" time="0.0">
    <ignored/>
  </testcase> <!-- test2 -->
</testsuite> <!-- Test -->
